=== FIFO Integration Fix Log ===
Tanggal: 2024-12-19
Issue: Tidak ada respons saat simpan record dengan FIFO depletion

=== TIMELINE PERBAIKAN ===

[2024-12-19 14:00] IDENTIFIKASI MASALAH
- User melaporkan tidak ada respons saat save record
- Kemungkinan masalah di FIFO integration
- Perlu debugging comprehensive

[2024-12-19 14:15] ANALISIS KODE
- Cek implementasi FIFO di Records.php
- Identifikasi potential issues:
  * Dependency injection FIFODepletionService
  * Error handling tidak adequate
  * Silent failures di FIFO logic
  * Database transaction rollback

[2024-12-19 14:30] PERBAIKAN ERROR HANDLING
File: app/Livewire/Records.php
Changes:
- Enhanced null checks di storeDeplesiWithDetails()
- Improved fallback mechanism untuk FIFO failures
- Better validation di shouldUseFifoDepletion()
- Added service availability checks

[2024-12-19 14:45] COMPREHENSIVE LOGGING
File: app/Livewire/Records.php
Changes:
- Added logging di setiap tahap save() method
- Detailed logging di storeDeplesiWithDetails()
- FIFO process tracking logs
- Database transaction monitoring

[2024-12-19 15:00] FALLBACK MECHANISM
File: app/Livewire/Records.php
Changes:
- Improved FIFO failure handling
- Graceful fallback to traditional method
- Better error propagation
- Return value validation

[2024-12-19 15:15] TESTING TOOLS
File: testing/test-fifo-integration.php
- Created debugging script
- Class existence checks
- Method availability validation
- Configuration verification

[2024-12-19 15:30] DOCUMENTATION
File: docs/debugging/fifo-integration-fix.md
- Comprehensive debugging guide
- Common issues and solutions
- Step-by-step troubleshooting
- Monitoring tools and techniques

=== PERBAIKAN YANG DILAKUKAN ===

1. ENHANCED ERROR HANDLING
   - Null checks untuk livestock object
   - Service availability validation
   - Method existence verification
   - Configuration validation

2. COMPREHENSIVE LOGGING
   - Save method entry/exit logging
   - Validation step tracking
   - Database transaction monitoring
   - Depletion process logging
   - FIFO decision logging

3. IMPROVED FIFO LOGIC
   - Service injection validation
   - Method availability checks
   - Configuration structure validation
   - Batch count verification

4. FALLBACK MECHANISM
   - FIFO failure detection
   - Graceful fallback to traditional
   - Error result handling
   - Success/failure tracking

5. DEBUGGING TOOLS
   - Test script creation
   - Monitoring commands
   - Log analysis guides
   - Troubleshooting steps

=== LOG TRACKING POINTS ===

Untuk debugging, cari log entries berikut:

1. 🚀 Records Save: Method called
   - Indicates save method was triggered
   - Shows livestock_id and depletion values
   - Shows FIFO service availability

2. 🔍 Records Save: Starting validation
   - Indicates validation process started
   - Look for validation errors after this

3. ✅ Records Save: Validation passed
   - Confirms validation successful
   - Missing = validation failed

4. 🔄 Records Save: Starting database transaction
   - Database transaction initiated
   - Missing = early failure before DB

5. 📝 StoreDeplesi: Method called
   - Depletion processing started
   - Shows type, quantity, livestock_id

6. 🔍 FIFO Check: [various messages]
   - FIFO decision process
   - Shows why FIFO was/wasn't used

7. 💾 Records Save: Committing database transaction
   - Transaction about to commit
   - Missing = rollback occurred

8. 🎉 Records Save: Process completed successfully
   - Entire process finished
   - Success message should appear

=== COMMON FAILURE PATTERNS ===

1. NO LOGS AT ALL
   - Method not called (frontend issue)
   - Livewire communication problem
   - JavaScript errors

2. STOPS AT VALIDATION
   - Validation rules failing
   - Required fields missing
   - Data format issues

3. STOPS BEFORE TRANSACTION COMMIT
   - Database constraint violations
   - Exception in business logic
   - FIFO processing errors

4. FIFO SERVICE ISSUES
   - Service not injected
   - Required methods missing on Livestock model
   - Configuration not found

=== NEXT STEPS ===

1. Monitor logs during testing
2. Test with different livestock configurations
3. Verify FIFO vs traditional processing
4. Check user feedback and success messages
5. Performance monitoring

=== FILES MODIFIED ===

1. app/Livewire/Records.php
   - Enhanced error handling
   - Comprehensive logging
   - Improved FIFO logic
   - Fallback mechanisms

2. testing/test-fifo-integration.php
   - Created debugging script

3. docs/debugging/fifo-integration-fix.md
   - Comprehensive documentation

4. logs/fifo-integration-fix.log
   - This tracking log

=== STATUS ===
- Implemented: ✅
- Tested: ⏳ Pending
- Documented: ✅
- Deployed: ⏳ Pending

=== END OF LOG === 