[2025-06-14 12:30:00] INFO: LivestockCostService Enhancement Started
================================================================================

[2025-06-14 12:30:15] ENHANCEMENT: Added Supply Usage Cost Calculation
- Added new imports: SupplyUsage, SupplyUsageDetail, SupplyPurchase, Supply
- Created calculateSupplyUsageCosts() method
- Integrated supply usage cost into main calculation flow
- Updated cost breakdown structure to include supply_usage

[2025-06-14 12:31:00] UPDATE: Enhanced calculateForDate() method
- Added supply usage cost calculation call
- Updated total daily cost formula: Feed + OVK + Supply Usage + Deplesi
- Enhanced summary statistics with supply usage metrics
- Updated version to 3.0 with supply usage support

[2025-06-14 12:31:30] NEW_METHOD: calculateSupplyUsageCosts()
Features:
- FIFO cost calculation from SupplyUsageDetail records
- Unit conversion support (purchase unit to smallest unit)
- Detailed breakdown with batch and supplier information
- Price accuracy using price_per_converted_unit or calculated price
- Comprehensive logging for debugging

[2025-06-14 12:32:00] UPDATE: calculateCumulativeCosts() method
- Added supplyUsageCost parameter
- Included cumulative supply usage cost tracking
- Updated total cumulative calculation formula

[2025-06-14 12:32:30] NEW_METHOD: getCostAnalysis()
Features:
- Comprehensive cost breakdown analysis
- Support for date range filtering
- Totals and averages calculation
- Daily breakdown with supply usage included
- Business intelligence ready data structure

[2025-06-14 12:33:00] ENHANCEMENT: Cost Breakdown Structure
Added new fields:
- supply_usage: Daily supply usage cost
- supply_usage_per_ayam: Supply usage cost per chicken
- supply_usage_detail: Detailed breakdown per supply
- cumulative_supply_usage_cost: Cumulative supply usage cost
- supply_usage_cost_per_chicken: Individual cost per chicken

[2025-06-14 12:33:30] BUG_IDENTIFIED: Missing total_quantity column
Error: SQLSTATE[42S22]: Column not found: 1054 Unknown column 'total_quantity'
Solution: Need migration to add total_quantity to supply_usages table
Status: Documented in enhancement guide

[2025-06-14 12:34:00] DOCUMENTATION: Created comprehensive enhancement guide
File: docs/debugging/livestock-cost-service-enhancement.md
Contents:
- Complete change documentation
- Bug fix instructions
- Development suggestions
- Optimization recommendations
- Implementation roadmap

[2025-06-14 12:34:30] PERFORMANCE: Logging enhancements
Added detailed logging for:
- Supply usage cost calculation process
- Individual supply cost calculations
- Missing data warnings
- Calculation completion status

[2025-06-14 12:35:00] ARCHITECTURE: Version update
- Updated calculation method to 'business_flow_v3.0_with_supply_usage'
- Updated version to '3.0'
- Enhanced metadata tracking
- Improved error handling

[2025-06-14 12:35:30] TESTING_NOTES: Areas requiring testing
1. Supply usage cost calculation accuracy
2. Unit conversion correctness
3. FIFO cost calculation
4. Cumulative cost tracking
5. Performance with large datasets

[2025-06-14 12:36:00] FUTURE_ENHANCEMENTS: Development suggestions documented
1. Cost Optimization & Performance (Caching, Batch Processing)
2. Advanced Cost Analytics (Prediction, Variance Analysis)
3. Real-time Cost Monitoring (Alerts, Dashboard)
4. Integration Enhancements (ERP, Mobile API)
5. Reporting & Analytics (Advanced Reports, BI)

[2025-06-14 12:36:30] OPTIMIZATION: Existing features improvement suggestions
1. Database Optimization (Indexing, Query optimization)
2. Code Quality Improvements (Service layer refactoring)
3. Error Handling & Logging enhancements
4. Configuration management
5. Performance metrics tracking

[2025-06-14 12:37:00] ROADMAP: Implementation phases defined
Phase 1: Core Enhancements (Week 1-2)
Phase 2: Analytics & Reporting (Week 3-4)
Phase 3: Optimization & Integration (Week 5-6)
Phase 4: Advanced Features (Week 7-8)

[2025-06-14 12:37:30] STATUS: Enhancement completed successfully
✅ Supply usage cost integration: COMPLETED
✅ Documentation: COMPLETED
✅ Development suggestions: COMPLETED
⚠️ Bug fix required: total_quantity column migration needed
📋 Next steps: Implement migration and test functionality

[2025-06-14 12:38:00] METRICS: Expected performance improvements
- Complete cost tracking: Feed + OVK + Supply Usage + Deplesi
- Accurate unit conversion support
- FIFO cost calculation implementation
- Detailed breakdown with batch tracking
- Scalable architecture for future enhancements

================================================================================
[2025-06-14 12:38:30] INFO: LivestockCostService Enhancement Completed 