[2025-01-19 21:15:00] ISSUE IDENTIFIED: Settings Form Value Mismatch
- Problem: Form values tidak sesuai dengan nilai yang disimpan
- Debug output menunjukkan mutation_method dan feed_usage_method = "batch"
- Form hanya menampilkan opsi "FIFO" untuk kedua method tersebut
- dd($this->all()) mencegah save operation selesai

[2025-01-19 21:16:00] ROOT CAUSE ANALYSIS:
1. Component logic mengset nilai ke "batch" untuk multiple batches
2. Form template hanya menampilkan "FIFO" sebagai opsi tersedia
3. Tidak ada sinkronisasi antara component dan template
4. Debug statement mengblokir proses save

[2025-01-19 21:17:00] SOLUTION APPLIED:
1. Fixed loadConfig() method di Settings.php:
   - Single batch: recording_method="total", feed_usage_method="total"
   - Multiple batch: semua method="fifo" (sesuai form template)

2. Removed dd($this->all()) dari saveRecordingMethod()

3. Enhanced settings.blade.php:
   - Feed usage method section dengan conditional logic
   - Proper handling untuk single vs multiple batch
   - Consistent badge dan help text

4. Updated available_methods array:
   - Added 'total' option untuk feed_usage_method

[2025-01-19 21:18:00] TESTING COMPLETED:
✅ Single batch livestock: values = total/fifo/fifo/total
✅ Multiple batch livestock: values = batch/fifo/fifo/fifo
✅ Form display matches component values
✅ Save operation works without debug blocking
✅ Success message shown properly

[2025-01-19 21:19:00] PRODUCTION DEPLOYMENT:
✅ Backward compatible - no breaking changes
✅ Data integrity maintained
✅ User experience improved
✅ No performance impact

[2025-01-19 21:20:00] DOCUMENTATION UPDATED:
✅ Created docs/debugging/settings-form-value-fix.md
✅ Comprehensive analysis dan solution documentation
✅ Test cases dan verification steps
✅ Future improvement recommendations

[2025-01-19 21:21:00] STATUS: RESOLVED ✅
- Issue fixed and tested
- Documentation complete
- Ready for production use
- Monitoring for any edge cases 