[2025-01-19 21:45:00] TEXT VISIBILITY ISSUE IDENTIFIED
- Problem: Text tidak kliatan jelas di livestock-settings-enhanced.blade.php
- Issue: Available Methods text dan status badges kurang kontras dan sulit dibaca
- Location: resources/views/components/livestock-settings-enhanced.blade.php
- User feedback: Screenshot menunjukkan text hampir tidak terlihat

[2025-01-19 21:46:00] ROOT CAUSE ANALYSIS:
1. Status badges menggunakan fs-7 (font terlalu kecil)
2. Alert-light background kurang kontras dengan text
3. Method names tidak bold/emphasized
4. Status legend menggunakan alert-info yang kurang kontras
5. Tidak ada border/separation yang jelas antar items

[2025-01-19 21:47:00] SOLUTION IMPLEMENTED:

1. ENHANCED STATUS BADGES:
   - Added fw-bold untuk semua badges
   - Added text-white untuk success/secondary badges
   - Added text-dark untuk warning badges
   - Added border untuk disabled badges
   - Removed fs-7 (terlalu kecil) untuk ukuran default

2. IMPROVED AVAILABLE METHODS DISPLAY:
   - Changed dari alert-light ke card dengan colored headers
   - Depletion Methods: border-primary dengan bg-primary header
   - Mutation Methods: border-info dengan bg-info header  
   - Feed Usage Methods: border-success dengan bg-success header
   - Added icons (bi-list-ul) di headers
   - Added padding dan border untuk setiap method item

3. ENHANCED TEXT CONTRAST:
   - Method names: fw-semibold text-dark
   - Headers: text-white dengan colored backgrounds
   - List items: p-2 border rounded untuk separation

4. IMPROVED STATUS LEGEND:
   - Changed dari alert-info ke alert-dark border-dark
   - Enhanced spacing dengan mb-2 untuk setiap item
   - Added fw-bold untuk badge text
   - Added fw-semibold untuk descriptions
   - Better structure dengan proper spacing

[2025-01-19 21:48:00] SPECIFIC CHANGES:

Badge Function Updates:
```php
// BEFORE
'<span class="badge bg-success fs-7">Ready</span>'
'<span class="badge bg-warning fs-7">Development</span>'

// AFTER  
'<span class="badge bg-success text-white fw-bold">Ready</span>'
'<span class="badge bg-warning text-dark fw-bold">Development</span>'
```

Available Methods Structure:
```html
<!-- BEFORE -->
<div class="alert alert-light">
    <strong>Available Methods:</strong>
    <ul class="mb-0 mt-2">
        <li class="d-flex justify-content-between align-items-center">
            <span>{{ strtoupper($method) }}</span>

<!-- AFTER -->
<div class="card border-primary">
    <div class="card-header bg-primary text-white">
        <strong><i class="bi bi-list-ul me-2"></i>Available Methods</strong>
    </div>
    <div class="card-body">
        <ul class="list-unstyled mb-0">
            <li class="d-flex justify-content-between align-items-center mb-2 p-2 border rounded">
                <span class="fw-semibold text-dark">{{ strtoupper($method) }}</span>
```

[2025-01-19 21:49:00] VISUAL IMPROVEMENTS:
✅ Status badges sekarang bold dan high contrast
✅ Method names sekarang fw-semibold text-dark (clearly visible)
✅ Card headers dengan colored backgrounds untuk grouping
✅ Proper spacing dan borders untuk item separation
✅ Enhanced legend dengan better contrast
✅ Icons added untuk visual hierarchy
✅ Consistent color coding (primary/info/success untuk different sections)

[2025-01-19 21:50:00] TESTING VERIFICATION:
✅ Text readability significantly improved
✅ Status badges clearly visible dengan proper contrast
✅ Method names bold dan easy to read
✅ Color coding helps distinguish different method types
✅ Card structure provides better visual organization
✅ Legend is now clearly readable dengan proper contrast

[2025-01-19 21:51:00] BENEFITS:
1. USER EXPERIENCE:
   - Much better readability
   - Clear visual hierarchy
   - Easy to distinguish method types
   - Professional appearance

2. ACCESSIBILITY:
   - Higher contrast ratios
   - Better font weights
   - Proper color combinations
   - Clear separation of elements

3. MAINTAINABILITY:
   - Consistent styling patterns
   - Reusable card structures
   - Clear CSS classes

[2025-01-19 21:52:00] STATUS: TEXT VISIBILITY FIX COMPLETED ✅
- All text contrast issues resolved
- Enhanced visual hierarchy implemented
- Better user experience achieved
- Ready for production use
- User feedback addressed successfully 